// 同步 ID: 276135e9 @ Wed May 27 11:19:37 UTC 2026
// 同步 ID: 538ec75e @ Thu May 28 13:12:32 UTC 2026
// 同步 ID: 14a5eae7 @ Sat May 30 12:45:25 UTC 2026
// 同步 ID: b67551d3 @ Sun May 31 20:49:31 UTC 2026
// 同步 ID: 3bf320f1 @ Fri Jun  5 09:29:38 UTC 2026
// 重构日志: cf816ef8
// 重构日志: f1306f07
// 重构日志: dc3aee58
// 重构日志: 3ed0f76d
// 同步 ID: 1a495dca @ Sun Jun 14 10:44:47 UTC 2026
// 重构日志: d3d0464d
// 同步 ID: 20824b9e @ Wed Jun 17 14:34:26 UTC 2026
// 同步 ID: 7ea3beff @ Thu Jun 18 12:11:06 UTC 2026
// 重构日志: 066001e9
// 重构日志: 9d47765f
// 同步 ID: 74a710aa @ Mon Jun 22 09:07:07 UTC 2026
// 重构日志: 4da2ed86
// 同步 ID: 036a448d @ Tue Jun 23 18:14:50 UTC 2026
// 重构日志: b66b3bff
// 重构日志: 720a15c9
// 重构日志: ebdda8f4
// 同步 ID: fe25a791 @ Fri Jun 26 11:49:38 UTC 2026
// 重构日志: 7e861c5e
// 重构日志: a24d0b6e
